c:\users\stein\source\repos\opengl_c\opengl_c\x64\debug\vc143.pdb
c:\users\stein\source\repos\opengl_c\opengl_c\x64\debug\vc143.idb
c:\users\stein\source\repos\opengl_c\opengl_c\x64\debug\main.obj
c:\users\stein\source\repos\opengl_c\opengl_c\x64\debug\glad.obj
c:\users\stein\source\repos\opengl_c\opengl_c\x64\debug\glmath.obj
c:\users\stein\source\repos\opengl_c\opengl_c\x64\debug\glfunc.obj
c:\users\stein\source\repos\opengl_c\opengl_c\x64\debug\gldata.obj
c:\users\stein\source\repos\opengl_c\x64\debug\opengl_c.exe
c:\users\stein\source\repos\opengl_c\x64\debug\opengl_c.pdb
c:\users\stein\source\repos\opengl_c\opengl_c\x64\debug\opengl_c.ilk
c:\users\stein\source\repos\opengl_c\opengl_c\x64\debug\opengl_c.tlog\cl.command.1.tlog
c:\users\stein\source\repos\opengl_c\opengl_c\x64\debug\opengl_c.tlog\cl.items.tlog
c:\users\stein\source\repos\opengl_c\opengl_c\x64\debug\opengl_c.tlog\cl.read.1.tlog
c:\users\stein\source\repos\opengl_c\opengl_c\x64\debug\opengl_c.tlog\cl.write.1.tlog
c:\users\stein\source\repos\opengl_c\opengl_c\x64\debug\opengl_c.tlog\link.8964-cvtres.read.1.tlog
c:\users\stein\source\repos\opengl_c\opengl_c\x64\debug\opengl_c.tlog\link.8964-cvtres.write.1.tlog
c:\users\stein\source\repos\opengl_c\opengl_c\x64\debug\opengl_c.tlog\link.8964-rc.read.1.tlog
c:\users\stein\source\repos\opengl_c\opengl_c\x64\debug\opengl_c.tlog\link.8964-rc.write.1.tlog
c:\users\stein\source\repos\opengl_c\opengl_c\x64\debug\opengl_c.tlog\link.8964.read.1.tlog
c:\users\stein\source\repos\opengl_c\opengl_c\x64\debug\opengl_c.tlog\link.8964.read.2.tlog
c:\users\stein\source\repos\opengl_c\opengl_c\x64\debug\opengl_c.tlog\link.8964.read.3.tlog
c:\users\stein\source\repos\opengl_c\opengl_c\x64\debug\opengl_c.tlog\link.8964.read.4.tlog
c:\users\stein\source\repos\opengl_c\opengl_c\x64\debug\opengl_c.tlog\link.8964.write.1.tlog
c:\users\stein\source\repos\opengl_c\opengl_c\x64\debug\opengl_c.tlog\link.command.1.tlog
c:\users\stein\source\repos\opengl_c\opengl_c\x64\debug\opengl_c.tlog\link.read.1.tlog
c:\users\stein\source\repos\opengl_c\opengl_c\x64\debug\opengl_c.tlog\link.secondary.1.tlog
c:\users\stein\source\repos\opengl_c\opengl_c\x64\debug\opengl_c.tlog\link.write.1.tlog
