  gldata.c
  glfunc.c
C:\Users\bakaz\opengl_c\opengl_c\glmath.h(100,22): warning C4244: 'initializing': conversion from 'double' to 'float', possible loss of data
  (compiling source file 'glfunc.c')
  
C:\Users\bakaz\opengl_c\opengl_c\glmath.h(106,20): warning C4244: 'initializing': conversion from 'double' to 'float', possible loss of data
  (compiling source file 'glfunc.c')
  
C:\Users\bakaz\opengl_c\opengl_c\glmath.h(107,20): warning C4244: 'initializing': conversion from 'double' to 'float', possible loss of data
  (compiling source file 'glfunc.c')
  
  main.c
C:\Users\bakaz\opengl_c\opengl_c\glmath.h(100,22): warning C4244: 'initializing': conversion from 'double' to 'float', possible loss of data
  (compiling source file 'main.c')
  
C:\Users\bakaz\opengl_c\opengl_c\glmath.h(106,20): warning C4244: 'initializing': conversion from 'double' to 'float', possible loss of data
  (compiling source file 'main.c')
  
C:\Users\bakaz\opengl_c\opengl_c\glmath.h(107,20): warning C4244: 'initializing': conversion from 'double' to 'float', possible loss of data
  (compiling source file 'main.c')
  
C:\Users\bakaz\opengl_c\opengl_c\main.c(95,44): warning C4305: 'initializing': truncation from 'double' to 'float'
C:\Users\bakaz\opengl_c\opengl_c\main.c(96,42): warning C4305: 'initializing': truncation from 'double' to 'float'
C:\Users\bakaz\opengl_c\opengl_c\main.c(96,47): warning C4305: 'initializing': truncation from 'double' to 'float'
C:\Users\bakaz\opengl_c\opengl_c\main.c(96,52): warning C4305: 'initializing': truncation from 'double' to 'float'
  Generating Code...
  opengl_c.vcxproj -> C:\Users\bakaz\opengl_c\x64\Debug\opengl_c.exe
